<?xml version="1.0" encoding="UTF-8"?>
<!-- Generated by org.testng.reporters.JUnitReportReporter -->
<testsuite hostname="MSI" failures="0" tests="1" name="com.comcast.crm.orgTest.createOrganizationTest" time="0.017" errors="0" timestamp="2025-06-24T10:31:59 IST" skipped="0">
  <testcase classname="com.comcast.crm.orgTest.createOrganizationTest" name="createOrganizationMainTest" time="0.017"/>
</testsuite> <!-- com.comcast.crm.orgTest.createOrganizationTest -->
