<?xml version="1.0" encoding="UTF-8"?>
<!-- Generated by org.testng.reporters.JUnitReportReporter -->
<testsuite hostname="DESKTOP-O9L4K3A" failures="0" tests="1" name="practice.selfTast" time="26.606" errors="0" timestamp="2025-06-18T17:00:02 IST" skipped="0">
  <testcase classname="practice.selfTast" name="task4" time="26.606"/>
</testsuite> <!-- practice.selfTast -->
